<?xml version="1.0" encoding="utf-8"?>
<TestRun id="746ef08c-e9eb-4372-8f90-d657932b5006" name="@ubuntu20-VirtualBox 2021-12-18 08:01:23" xmlns="http://microsoft.com/schemas/VisualStudio/TeamTest/2010">
  <Times creation="2021-12-18T08:01:23.4830033-05:00" queuing="2021-12-18T08:01:23.4830034-05:00" start="2021-12-18T08:01:21.3822440-05:00" finish="2021-12-18T08:01:23.4991506-05:00" />
  <TestSettings name="default" id="8917a7b9-aa99-48db-8018-9dfa7059ac1c">
    <Deployment runDeploymentRoot="_ubuntu20-VirtualBox_2021-12-18_08_01_23" />
  </TestSettings>
  <Results>
    <UnitTestResult executionId="2853a52a-c48b-4f4c-b913-98a87c967f0c" testId="d818a248-fe88-42e4-909e-bcf4ffdb64b7" testName="Test1" computerName="ubuntu20-VirtualBox" duration="00:00:00.0065153" startTime="2021-12-18T08:01:23.0284474-05:00" endTime="2021-12-18T08:01:23.0840146-05:00" testType="13cdc9d9-ddb5-4fa4-a97d-d965ccfc6d4b" outcome="Passed" testListId="8c84fa94-04c1-424b-9868-57a2d4851a1d" relativeResultsDirectory="2853a52a-c48b-4f4c-b913-98a87c967f0c">
      <Output>
        <StdOut>ctor
TestInitialize
TestCleanup
Dispose</StdOut>
      </Output>
    </UnitTestResult>
  </Results>
  <TestDefinitions>
    <UnitTest name="Test1" storage="/home/ubuntu20/documents/dotnet6/7-8/soluciones/1-assemblymstest/consoleapp.mstest/bin/debug/net6.0/consoleapp.mstest.dll" id="d818a248-fe88-42e4-909e-bcf4ffdb64b7">
      <Execution id="2853a52a-c48b-4f4c-b913-98a87c967f0c" />
      <TestMethod codeBase="/home/ubuntu20/Documents/dotnet6/7-8/Soluciones/1-AssemblyMSTest/ConsoleApp.MSTest/bin/Debug/net6.0/ConsoleApp.MSTest.dll" adapterTypeName="executor://mstestadapter/v2" className="ConsoleApp.MSTest.TestClass1" name="Test1" />
    </UnitTest>
  </TestDefinitions>
  <TestEntries>
    <TestEntry testId="d818a248-fe88-42e4-909e-bcf4ffdb64b7" executionId="2853a52a-c48b-4f4c-b913-98a87c967f0c" testListId="8c84fa94-04c1-424b-9868-57a2d4851a1d" />
  </TestEntries>
  <TestLists>
    <TestList name="Results Not in a List" id="8c84fa94-04c1-424b-9868-57a2d4851a1d" />
    <TestList name="All Loaded Results" id="19431567-8539-422a-85d7-44ee4e166bda" />
  </TestLists>
  <ResultSummary outcome="Completed">
    <Counters total="1" executed="1" passed="1" failed="0" error="0" timeout="0" aborted="0" inconclusive="0" passedButRunAborted="0" notRunnable="0" notExecuted="0" disconnected="0" warning="0" completed="0" inProgress="0" pending="0" />
  </ResultSummary>
</TestRun>